#
# A fatal error has been detected by the Java Runtime Environment:
#
#  EXCEPTION_ACCESS_VIOLATION (0xc0000005) at pc=0x00007ff959205998, pid=6660, tid=8388
#
# JRE version: OpenJDK Runtime Environment (11.0.8+10) (build 11.0.8+10-b944.6842174)
# Java VM: OpenJDK 64-Bit Server VM (11.0.8+10-b944.6842174, mixed mode, tiered, compressed oops, g1 gc, windows-amd64)
# Problematic frame:
# V  [jvm.dll+0x9e5998]
#
# No core dump will be written. Minidumps are not enabled by default on client versions of Windows
#
# If you would like to submit a bug report, please visit:
#   https://bugreport.java.com/bugreport/crash.jsp
#

---------------  S U M M A R Y ------------

Command Line: --add-opens=java.base/java.util=ALL-UNNAMED --add-opens=java.base/java.lang=ALL-UNNAMED --add-opens=java.base/java.lang.invoke=ALL-UNNAMED --add-opens=java.prefs/java.util.prefs=ALL-UNNAMED -Xmx2048m -Dfile.encoding=UTF-8 -Duser.country=RU -Duser.language=ru -Duser.variant org.gradle.launcher.daemon.bootstrap.GradleDaemon 6.7.1

Host: Intel(R) Core(TM) i5-3210M CPU @ 2.50GHz, 4 cores, 5G,  Windows 8.1 , 64 bit Build 9600 (6.3.9600.19994)
Time: Mon Aug  9 15:38:12 2021 RTZ 2 (ceia) elapsed time: 96 seconds (0d 0h 1m 36s)

---------------  T H R E A D  ---------------

Current thread (0x0000002b45555800):  JavaThread "C2 CompilerThread0" daemon [_thread_in_native, id=8388, stack(0x0000002b45b50000,0x0000002b45c50000)]


Current CompileTask:
C2:  96085 9630       4       com.android.ide.common.resources.NodeUtils::updateNamespace (161 bytes)

Stack: [0x0000002b45b50000,0x0000002b45c50000],  sp=0x0000002b45c4be48,  free space=1007k
Native frames: (J=compiled Java code, j=interpreted, Vv=VM code, C=native code)
V  [jvm.dll+0x9e5998]


siginfo: EXCEPTION_ACCESS_VIOLATION (0xc0000005), data execution prevention violation at address 0x00007ff959205998


Register to memory mapping:

RIP=0x00007ff959205998 jvm.dll
RAX=0x0000002b4b680c08 points into unknown readable memory: 00 00 00 00 00 00 00 00
RBX=0x0 is NULL
RCX=0x0000002b4f04ad98 points into unknown readable memory: 08 0c 68 4b 2b 00 00 00
RDX=0x0000000000000001 is an unknown value
RSP=0x0000002b45c4be48 is pointing into the stack for thread: 0x0000002b45555800
RBP=0x0000000000000004 is an unknown value
RSI=0x0 is NULL
RDI=0x0000002b4f24ad18 points into unknown readable memory: 68 f4 fa 58 f9 7f 00 00
R8 =0x0000000000000003 is an unknown value
R9 =0x0 is NULL
R10=0x000000000000011d is an unknown value
R11=0x000000000000011c is an unknown value
R12=0x0000000000001587 is an unknown value
R13=0x0000002b4e317950 points into unknown readable memory: c8 e8 c4 45 2b 00 00 00
R14=0x0000002b4d556cd0 points into unknown readable memory: 68 bc 5c 45 2b 00 00 00
R15=0x0000000000000003 is an unknown value


Registers:
RAX=0x0000002b4b680c08, RBX=0x0000000000000000, RCX=0x0000002b4f04ad98, RDX=0x0000000000000001
RSP=0x0000002b45c4be48, RBP=0x0000000000000004, RSI=0x0000000000000000, RDI=0x0000002b4f24ad18
R8 =0x0000000000000003, R9 =0x0000000000000000, R10=0x000000000000011d, R11=0x000000000000011c
R12=0x0000000000001587, R13=0x0000002b4e317950, R14=0x0000002b4d556cd0, R15=0x0000000000000003
RIP=0x00007ff959205998, EFLAGS=0x0000000000010213

Top of Stack: (sp=0x0000002b45c4be48)
0x0000002b45c4be48:   00007ff95888a531 0000000000000000
0x0000002b45c4be58:   00007ff9589fb592 0000002b4d556c88
0x0000002b45c4be68:   00007ff958e2b925 fffffffffffff0a0
0x0000002b45c4be78:   00007ff95888d9c6 0000002b4d556c88
0x0000002b45c4be88:   0000000000000006 0000002b4bafda44
0x0000002b45c4be98:   0000002b4f24ad18 0000002b4f24ad18
0x0000002b45c4bea8:   00007ff958e0663c 0000002b45c4e6f0
0x0000002b45c4beb8:   0000002b485add30 0000002b4d556bd8
0x0000002b45c4bec8:   0000000000000008 0000000100000001
0x0000002b45c4bed8:   0000011d0000011c 0000002b000003d8
0x0000002b45c4bee8:   fffffffffffff0a0 0000000000001581
0x0000002b45c4bef8:   0000000000000002 0000002b4bafbb78
0x0000002b45c4bf08:   00000000000008e8 fffffffffffff0a0
0x0000002b45c4bf18:   ffffffffffffe130 0000000000001ec0
0x0000002b45c4bf28:   0000002b4bafe530 0000002b4baff490
0x0000002b45c4bf38:   0000002b4bafc670 0000000000003d90 

Instructions: (pc=0x00007ff959205998)
0x00007ff959205898:   00 00 00 00 00 00 00 00 00 00 00 00 00 00 00 00
0x00007ff9592058a8:   00 00 00 00 00 00 00 00 00 00 00 00 00 00 00 00
0x00007ff9592058b8:   00 00 00 00 00 00 00 00 00 00 00 00 00 00 00 00
0x00007ff9592058c8:   00 00 00 00 00 00 00 00 00 00 00 00 00 00 00 00
0x00007ff9592058d8:   00 00 00 00 00 00 00 00 00 00 00 00 00 00 00 00
0x00007ff9592058e8:   00 00 00 00 00 00 00 00 00 00 00 00 00 00 00 00
0x00007ff9592058f8:   00 00 00 00 00 00 00 00 00 00 00 00 00 00 00 00
0x00007ff959205908:   00 00 00 00 00 00 00 00 00 00 00 00 00 00 00 00
0x00007ff959205918:   14 00 00 00 11 00 00 00 00 00 10 00 00 00 00 00
0x00007ff959205928:   00 00 02 00 00 00 00 00 00 08 00 00 00 00 00 00
0x00007ff959205938:   00 00 00 00 00 00 00 00 20 00 00 00 00 00 00 00
0x00007ff959205948:   08 00 00 00 00 00 00 00 00 01 00 00 00 00 00 00
0x00007ff959205958:   ff 00 00 00 00 00 00 00 c0 8c b3 4e 2b 00 00 00
0x00007ff959205968:   01 08 00 00 00 00 00 00 30 40 70 44 2b 00 00 00
0x00007ff959205978:   80 75 35 2e 2b 00 00 00 00 00 00 00 00 00 00 00
0x00007ff959205988:   00 00 00 00 00 00 00 00 80 00 33 2e 2b 00 00 00
0x00007ff959205998:   00 00 00 00 00 00 00 00 00 00 00 00 00 00 00 00
0x00007ff9592059a8:   00 00 00 00 00 00 00 00 00 00 00 00 00 00 00 00
0x00007ff9592059b8:   01 00 00 00 00 00 00 00 00 00 00 00 00 00 00 00
0x00007ff9592059c8:   00 00 00 00 00 00 00 00 80 54 20 59 f9 7f 00 00
0x00007ff9592059d8:   04 00 00 00 00 00 00 00 5f 00 00 00 10 00 00 00
0x00007ff9592059e8:   30 00 00 00 01 00 00 00 00 00 00 00 00 00 00 00
0x00007ff9592059f8:   00 00 00 00 00 00 00 00 00 00 00 00 00 00 00 00
0x00007ff959205a08:   00 00 00 00 00 00 00 00 00 00 00 00 00 00 00 00
0x00007ff959205a18:   f0 c7 7f 28 2b 00 00 00 f0 c7 7f 28 2b 00 00 00
0x00007ff959205a28:   00 00 00 00 00 00 00 00 04 0c 00 00 00 00 00 00
0x00007ff959205a38:   c0 1e 89 58 f9 7f 00 00 d0 59 20 59 f9 7f 00 00
0x00007ff959205a48:   04 00 00 00 00 00 00 00 5f 00 00 00 10 00 00 00
0x00007ff959205a58:   30 00 00 00 65 00 00 00 00 00 00 00 00 00 00 00
0x00007ff959205a68:   00 00 00 00 00 00 00 00 00 00 00 00 00 00 00 00
0x00007ff959205a78:   00 00 00 00 00 00 00 00 00 00 00 00 00 00 00 00
0x00007ff959205a88:   90 dd 7f 28 2b 00 00 00 90 dd 7f 28 2b 00 00 00 


Stack slot to memory mapping:
stack at sp + 0 slots: 0x00007ff95888a531 jvm.dll
stack at sp + 1 slots: 0x0 is NULL
stack at sp + 2 slots: 0x00007ff9589fb592 jvm.dll
stack at sp + 3 slots: 0x0000002b4d556c88 points into unknown readable memory: a8 26 f7 58 f9 7f 00 00
stack at sp + 4 slots: 0x00007ff958e2b925 jvm.dll
stack at sp + 5 slots: 0xfffffffffffff0a0 is an unknown value
stack at sp + 6 slots: 0x00007ff95888d9c6 jvm.dll
stack at sp + 7 slots: 0x0000002b4d556c88 points into unknown readable memory: a8 26 f7 58 f9 7f 00 00


---------------  P R O C E S S  ---------------

Threads class SMR info:
_java_thread_list=0x0000002b489dcbe0, length=140, elements={
0x0000002b288da800, 0x0000002b44746000, 0x0000002b4474f800, 0x0000002b44763000,
0x0000002b45550800, 0x0000002b45555800, 0x0000002b4555a000, 0x0000002b455a1800,
0x0000002b456ef800, 0x0000002b45708800, 0x0000002b47b09800, 0x0000002b47d34800,
0x0000002b4672a800, 0x0000002b4593e000, 0x0000002b4593f000, 0x0000002b4721f800,
0x0000002b477ba000, 0x0000002b470b6800, 0x0000002b48010000, 0x0000002b4800d800,
0x0000002b48011000, 0x0000002b4800e800, 0x0000002b48011800, 0x0000002b4800f000,
0x0000002b48014000, 0x0000002b48012800, 0x0000002b48013800, 0x0000002b4827e000,
0x0000002b4827f800, 0x0000002b48280800, 0x0000002b48283000, 0x0000002b48283800,
0x0000002b48281800, 0x0000002b48286000, 0x0000002b48287000, 0x0000002b48284800,
0x0000002b48288000, 0x0000002b48285800, 0x0000002b4828b000, 0x0000002b48288800,
0x0000002b4828c000, 0x0000002b4828a800, 0x0000002b48289800, 0x0000002b4889e000,
0x0000002b4889c800, 0x0000002b4889e800, 0x0000002b4889f800, 0x0000002b4889d000,
0x0000002b488a3000, 0x0000002b488a2000, 0x0000002b488a0800, 0x0000002b488a3800,
0x0000002b488a1000, 0x0000002b488a5800, 0x0000002b488a6000, 0x0000002b488a7000,
0x0000002b488a4800, 0x0000002b488a7800, 0x0000002b488a8800, 0x0000002b488ab000,
0x0000002b488a9800, 0x0000002b488aa000, 0x0000002b485d9800, 0x0000002b485d7000,
0x0000002b485da000, 0x0000002b485d7800, 0x0000002b485db000, 0x0000002b485d8800,
0x0000002b485db800, 0x0000002b485dc800, 0x0000002b485df000, 0x0000002b485dd800,
0x0000002b485e0000, 0x0000002b485e0800, 0x0000002b485de000, 0x0000002b485e4000,
0x0000002b485e2800, 0x0000002b485e1800, 0x0000002b485e4800, 0x0000002b485e5800,
0x0000002b485e3000, 0x0000002b48c4e000, 0x0000002b48c50800, 0x0000002b48c51000,
0x0000002b48c4f800, 0x0000002b48c4e800, 0x0000002b48c53800, 0x0000002b48c53000,
0x0000002b48c54800, 0x0000002b48c52000, 0x0000002b48c57000, 0x0000002b48c56000,
0x0000002b48c57800, 0x0000002b48c55800, 0x0000002b48c58800, 0x0000002b48c5a000,
0x0000002b48c5c000, 0x0000002b48c5b000, 0x0000002b48c59800, 0x0000002b48c5c800,
0x0000002b4bea1000, 0x0000002b4bea2800, 0x0000002b4bea1800, 0x0000002b4bea5000,
0x0000002b4bea4000, 0x0000002b4bea5800, 0x0000002b4bea3800, 0x0000002b4bea9000,
0x0000002b4bea8000, 0x0000002b4bea6800, 0x0000002b4beaa000, 0x0000002b4bea7800,
0x0000002b4beaa800, 0x0000002b4beac000, 0x0000002b4beae000, 0x0000002b4bead000,
0x0000002b4beab800, 0x0000002b4beaf800, 0x0000002b4beae800, 0x0000002b4b029800,
0x0000002b4b028800, 0x0000002b4b028000, 0x0000002b4b027000, 0x0000002b4b02b000,
0x0000002b4b02c000, 0x0000002b4b02c800, 0x0000002b4b02a800, 0x0000002b4b02d800,
0x0000002b4b02f000, 0x0000002b4b030000, 0x0000002b4b031000, 0x0000002b4b032800,
0x0000002b4b033000, 0x0000002b4b034000, 0x0000002b4b031800, 0x0000002b4b035800,
0x0000002b4b035000, 0x0000002b4e766000, 0x0000002b4b9be000, 0x0000002b4e765000
}

Java Threads: ( => current thread )
  0x0000002b288da800 JavaThread "main" [_thread_blocked, id=8176, stack(0x0000002b2a090000,0x0000002b2a190000)]
  0x0000002b44746000 JavaThread "Reference Handler" daemon [_thread_blocked, id=6808, stack(0x0000002b45270000,0x0000002b45370000)]
  0x0000002b4474f800 JavaThread "Finalizer" daemon [_thread_blocked, id=3528, stack(0x0000002b45370000,0x0000002b45470000)]
  0x0000002b44763000 JavaThread "Signal Dispatcher" daemon [_thread_blocked, id=9464, stack(0x0000002b45950000,0x0000002b45a50000)]
  0x0000002b45550800 JavaThread "Attach Listener" daemon [_thread_blocked, id=6300, stack(0x0000002b45a50000,0x0000002b45b50000)]
=>0x0000002b45555800 JavaThread "C2 CompilerThread0" daemon [_thread_in_native, id=8388, stack(0x0000002b45b50000,0x0000002b45c50000)]
  0x0000002b4555a000 JavaThread "C1 CompilerThread0" daemon [_thread_blocked, id=4392, stack(0x0000002b45c50000,0x0000002b45d50000)]
  0x0000002b455a1800 JavaThread "Sweeper thread" daemon [_thread_blocked, id=3896, stack(0x0000002b45d50000,0x0000002b45e50000)]
  0x0000002b456ef800 JavaThread "Common-Cleaner" daemon [_thread_blocked, id=2952, stack(0x0000002b45e50000,0x0000002b45f50000)]
  0x0000002b45708800 JavaThread "Service Thread" daemon [_thread_blocked, id=4808, stack(0x0000002b45f50000,0x0000002b46050000)]
  0x0000002b47b09800 JavaThread "Daemon health stats" [_thread_blocked, id=9276, stack(0x0000002b47c20000,0x0000002b47d20000)]
  0x0000002b47d34800 JavaThread "Incoming local TCP Connector on port 53704" [_thread_in_native, id=7548, stack(0x0000002b495d0000,0x0000002b496d0000)]
  0x0000002b4672a800 JavaThread "Daemon periodic checks" [_thread_blocked, id=4524, stack(0x0000002b497c0000,0x0000002b498c0000)]
  0x0000002b4593e000 JavaThread "Daemon" [_thread_blocked, id=8984, stack(0x0000002b49ac0000,0x0000002b49bc0000)]
  0x0000002b4593f000 JavaThread "Handler for socket connection from /127.0.0.1:53704 to /127.0.0.1:53705" [_thread_in_native, id=4396, stack(0x0000002b49bc0000,0x0000002b49cc0000)]
  0x0000002b4721f800 JavaThread "Cancel handler" [_thread_blocked, id=7452, stack(0x0000002b49cc0000,0x0000002b49dc0000)]
  0x0000002b477ba000 JavaThread "Daemon worker" [_thread_blocked, id=7884, stack(0x0000002b49dc0000,0x0000002b49ec0000)]
  0x0000002b470b6800 JavaThread "Asynchronous log dispatcher for DefaultDaemonConnection: socket connection from /127.0.0.1:53704 to /127.0.0.1:53705" [_thread_blocked, id=7100, stack(0x0000002b49ec0000,0x0000002b49fc0000)]
  0x0000002b48010000 JavaThread "Thread-8" [_thread_blocked, id=4948, stack(0x0000002b4a1c0000,0x0000002b4a2c0000)]
  0x0000002b4800d800 JavaThread "Cache worker for file hash cache (C:\Users\User_ll\.gradle\caches\6.7.1\fileHashes)" [_thread_blocked, id=6268, stack(0x0000002b4a6c0000,0x0000002b4a7c0000)]
  0x0000002b48011000 JavaThread "File lock request listener" [_thread_in_native, id=624, stack(0x0000002b4a7c0000,0x0000002b4a8c0000)]
  0x0000002b4800e800 JavaThread "Cache worker for journal cache (C:\Users\User_ll\.gradle\caches\journal-1)" [_thread_blocked, id=9452, stack(0x0000002b4aac0000,0x0000002b4abc0000)]
  0x0000002b48011800 JavaThread "Cache worker for file hash cache (C:\Users\User_ll\AndroidStudioProjects\MireaProject2\.gradle\6.7.1\fileHashes)" [_thread_blocked, id=6708, stack(0x0000002b4adc0000,0x0000002b4aec0000)]
  0x0000002b4800f000 JavaThread "Cache worker for checksums cache (C:\Users\User_ll\AndroidStudioProjects\MireaProject2\.gradle\checksums)" [_thread_blocked, id=8348, stack(0x0000002b4c0c0000,0x0000002b4c1c0000)]
  0x0000002b48014000 JavaThread "Cache worker for cache directory md-supplier (C:\Users\User_ll\.gradle\caches\6.7.1\md-supplier)" [_thread_blocked, id=3324, stack(0x0000002b4c1c0000,0x0000002b4c2c0000)]
  0x0000002b48012800 JavaThread "Cache worker for cache directory md-rule (C:\Users\User_ll\.gradle\caches\6.7.1\md-rule)" [_thread_blocked, id=8820, stack(0x0000002b4c2c0000,0x0000002b4c3c0000)]
  0x0000002b48013800 JavaThread "Cache worker for execution history cache (C:\Users\User_ll\.gradle\caches\6.7.1\executionHistory)" [_thread_blocked, id=4604, stack(0x0000002b4c6c0000,0x0000002b4c7c0000)]
  0x0000002b4827e000 JavaThread "jar transforms" [_thread_blocked, id=3276, stack(0x0000002b4c5c0000,0x0000002b4c6c0000)]
  0x0000002b4827f800 JavaThread "Cache worker for file content cache (C:\Users\User_ll\.gradle\caches\6.7.1\fileContent)" [_thread_blocked, id=9484, stack(0x0000002b4cdc0000,0x0000002b4cec0000)]
  0x0000002b48280800 JavaThread "Cache worker for Build Output Cleanup Cache (C:\Users\User_ll\AndroidStudioProjects\MireaProject2\.gradle\buildOutputCleanup)" [_thread_blocked, id=8972, stack(0x0000002b4e590000,0x0000002b4e690000)]
  0x0000002b48283000 JavaThread "Build operations" [_thread_blocked, id=7988, stack(0x0000002b4d2c0000,0x0000002b4d3c0000)]
  0x0000002b48283800 JavaThread "Build operations Thread 2" [_thread_blocked, id=4812, stack(0x0000002b4f860000,0x0000002b4f960000)]
  0x0000002b48281800 JavaThread "Build operations Thread 3" [_thread_blocked, id=632, stack(0x0000002b4f960000,0x0000002b4fa60000)]
  0x0000002b48286000 JavaThread "Build operations Thread 4" [_thread_blocked, id=4816, stack(0x0000002b4fa60000,0x0000002b4fb60000)]
  0x0000002b48287000 JavaThread "jar transforms Thread 2" [_thread_blocked, id=5224, stack(0x0000002b4fb60000,0x0000002b4fc60000)]
  0x0000002b48284800 JavaThread "jar transforms Thread 3" [_thread_blocked, id=6164, stack(0x0000002b4fc60000,0x0000002b4fd60000)]
  0x0000002b48288000 JavaThread "jar transforms Thread 4" [_thread_blocked, id=6056, stack(0x0000002b4fd60000,0x0000002b4fe60000)]
  0x0000002b48285800 JavaThread "jar transforms Thread 5" [_thread_blocked, id=10148, stack(0x0000002b4fe60000,0x0000002b4ff60000)]
  0x0000002b4828b000 JavaThread "jar transforms Thread 6" [_thread_blocked, id=9204, stack(0x0000002b4ff60000,0x0000002b50060000)]
  0x0000002b48288800 JavaThread "jar transforms Thread 7" [_thread_blocked, id=5172, stack(0x0000002b50060000,0x0000002b50160000)]
  0x0000002b4828c000 JavaThread "jar transforms Thread 8" [_thread_blocked, id=5972, stack(0x0000002b50160000,0x0000002b50260000)]
  0x0000002b4828a800 JavaThread "jar transforms Thread 9" [_thread_blocked, id=9684, stack(0x0000002b50260000,0x0000002b50360000)]
  0x0000002b48289800 JavaThread "jar transforms Thread 10" [_thread_blocked, id=4616, stack(0x0000002b50360000,0x0000002b50460000)]
  0x0000002b4889e000 JavaThread "jar transforms Thread 11" [_thread_blocked, id=8336, stack(0x0000002b50460000,0x0000002b50560000)]
  0x0000002b4889c800 JavaThread "jar transforms Thread 12" [_thread_blocked, id=2448, stack(0x0000002b50560000,0x0000002b50660000)]
  0x0000002b4889e800 JavaThread "jar transforms Thread 13" [_thread_blocked, id=3212, stack(0x0000002b50660000,0x0000002b50760000)]
  0x0000002b4889f800 JavaThread "jar transforms Thread 14" [_thread_blocked, id=4160, stack(0x0000002b50760000,0x0000002b50860000)]
  0x0000002b4889d000 JavaThread "jar transforms Thread 15" [_thread_blocked, id=8600, stack(0x0000002b50860000,0x0000002b50960000)]
  0x0000002b488a3000 JavaThread "jar transforms Thread 16" [_thread_blocked, id=6008, stack(0x0000002b50960000,0x0000002b50a60000)]
  0x0000002b488a2000 JavaThread "jar transforms Thread 17" [_thread_blocked, id=5396, stack(0x0000002b50a60000,0x0000002b50b60000)]
  0x0000002b488a0800 JavaThread "jar transforms Thread 18" [_thread_blocked, id=8372, stack(0x0000002b50b60000,0x0000002b50c60000)]
  0x0000002b488a3800 JavaThread "jar transforms Thread 19" [_thread_blocked, id=4508, stack(0x0000002b50c60000,0x0000002b50d60000)]
  0x0000002b488a1000 JavaThread "jar transforms Thread 20" [_thread_blocked, id=6972, stack(0x0000002b50d60000,0x0000002b50e60000)]
  0x0000002b488a5800 JavaThread "jar transforms Thread 21" [_thread_blocked, id=5564, stack(0x0000002b50e60000,0x0000002b50f60000)]
  0x0000002b488a6000 JavaThread "jar transforms Thread 22" [_thread_blocked, id=4308, stack(0x0000002b50f60000,0x0000002b51060000)]
  0x0000002b488a7000 JavaThread "jar transforms Thread 23" [_thread_blocked, id=900, stack(0x0000002b51060000,0x0000002b51160000)]
  0x0000002b488a4800 JavaThread "jar transforms Thread 24" [_thread_blocked, id=2496, stack(0x0000002b51160000,0x0000002b51260000)]
  0x0000002b488a7800 JavaThread "jar transforms Thread 25" [_thread_blocked, id=5432, stack(0x0000002b51260000,0x0000002b51360000)]
  0x0000002b488a8800 JavaThread "jar transforms Thread 26" [_thread_blocked, id=9716, stack(0x0000002b51360000,0x0000002b51460000)]
  0x0000002b488ab000 JavaThread "jar transforms Thread 27" [_thread_blocked, id=6396, stack(0x0000002b51460000,0x0000002b51560000)]
  0x0000002b488a9800 JavaThread "jar transforms Thread 28" [_thread_blocked, id=3192, stack(0x0000002b51560000,0x0000002b51660000)]
  0x0000002b488aa000 JavaThread "jar transforms Thread 29" [_thread_blocked, id=5280, stack(0x0000002b51660000,0x0000002b51760000)]
  0x0000002b485d9800 JavaThread "jar transforms Thread 30" [_thread_blocked, id=6536, stack(0x0000002b51760000,0x0000002b51860000)]
  0x0000002b485d7000 JavaThread "jar transforms Thread 31" [_thread_blocked, id=4660, stack(0x0000002b51860000,0x0000002b51960000)]
  0x0000002b485da000 JavaThread "jar transforms Thread 32" [_thread_blocked, id=8004, stack(0x0000002b51960000,0x0000002b51a60000)]
  0x0000002b485d7800 JavaThread "jar transforms Thread 33" [_thread_blocked, id=7460, stack(0x0000002b51a60000,0x0000002b51b60000)]
  0x0000002b485db000 JavaThread "jar transforms Thread 34" [_thread_blocked, id=9288, stack(0x0000002b51b60000,0x0000002b51c60000)]
  0x0000002b485d8800 JavaThread "jar transforms Thread 35" [_thread_blocked, id=9392, stack(0x0000002b51c60000,0x0000002b51d60000)]
  0x0000002b485db800 JavaThread "jar transforms Thread 36" [_thread_blocked, id=964, stack(0x0000002b51d60000,0x0000002b51e60000)]
  0x0000002b485dc800 JavaThread "jar transforms Thread 37" [_thread_blocked, id=6832, stack(0x0000002b51e60000,0x0000002b51f60000)]
  0x0000002b485df000 JavaThread "jar transforms Thread 38" [_thread_blocked, id=7228, stack(0x0000002b51f60000,0x0000002b52060000)]
  0x0000002b485dd800 JavaThread "jar transforms Thread 39" [_thread_blocked, id=9108, stack(0x0000002b52060000,0x0000002b52160000)]
  0x0000002b485e0000 JavaThread "jar transforms Thread 40" [_thread_blocked, id=8852, stack(0x0000002b52160000,0x0000002b52260000)]
  0x0000002b485e0800 JavaThread "jar transforms Thread 41" [_thread_blocked, id=8284, stack(0x0000002b52260000,0x0000002b52360000)]
  0x0000002b485de000 JavaThread "jar transforms Thread 42" [_thread_blocked, id=5892, stack(0x0000002b52360000,0x0000002b52460000)]
  0x0000002b485e4000 JavaThread "jar transforms Thread 43" [_thread_blocked, id=7464, stack(0x0000002b52560000,0x0000002b52660000)]
  0x0000002b485e2800 JavaThread "jar transforms Thread 44" [_thread_blocked, id=7336, stack(0x0000002b52660000,0x0000002b52760000)]
  0x0000002b485e1800 JavaThread "jar transforms Thread 45" [_thread_blocked, id=10080, stack(0x0000002b52760000,0x0000002b52860000)]
  0x0000002b485e4800 JavaThread "jar transforms Thread 46" [_thread_blocked, id=5028, stack(0x0000002b52860000,0x0000002b52960000)]
  0x0000002b485e5800 JavaThread "jar transforms Thread 47" [_thread_blocked, id=5428, stack(0x0000002b52960000,0x0000002b52a60000)]
  0x0000002b485e3000 JavaThread "jar transforms Thread 48" [_thread_blocked, id=3260, stack(0x0000002b52a60000,0x0000002b52b60000)]
  0x0000002b48c4e000 JavaThread "jar transforms Thread 49" [_thread_blocked, id=144, stack(0x0000002b52b60000,0x0000002b52c60000)]
  0x0000002b48c50800 JavaThread "jar transforms Thread 50" [_thread_blocked, id=1096, stack(0x0000002b52c60000,0x0000002b52d60000)]
  0x0000002b48c51000 JavaThread "jar transforms Thread 51" [_thread_blocked, id=8576, stack(0x0000002b52d60000,0x0000002b52e60000)]
  0x0000002b48c4f800 JavaThread "jar transforms Thread 52" [_thread_blocked, id=8740, stack(0x0000002b52e60000,0x0000002b52f60000)]
  0x0000002b48c4e800 JavaThread "jar transforms Thread 53" [_thread_blocked, id=8772, stack(0x0000002b52f60000,0x0000002b53060000)]
  0x0000002b48c53800 JavaThread "jar transforms Thread 54" [_thread_blocked, id=4408, stack(0x0000002b53060000,0x0000002b53160000)]
  0x0000002b48c53000 JavaThread "jar transforms Thread 55" [_thread_blocked, id=8140, stack(0x0000002b53160000,0x0000002b53260000)]
  0x0000002b48c54800 JavaThread "jar transforms Thread 56" [_thread_blocked, id=9176, stack(0x0000002b53260000,0x0000002b53360000)]
  0x0000002b48c52000 JavaThread "jar transforms Thread 57" [_thread_blocked, id=2460, stack(0x0000002b53360000,0x0000002b53460000)]
  0x0000002b48c57000 JavaThread "jar transforms Thread 58" [_thread_blocked, id=1064, stack(0x0000002b53460000,0x0000002b53560000)]
  0x0000002b48c56000 JavaThread "jar transforms Thread 59" [_thread_blocked, id=7616, stack(0x0000002b53560000,0x0000002b53660000)]
  0x0000002b48c57800 JavaThread "jar transforms Thread 60" [_thread_blocked, id=9668, stack(0x0000002b53660000,0x0000002b53760000)]
  0x0000002b48c55800 JavaThread "jar transforms Thread 61" [_thread_blocked, id=9472, stack(0x0000002b53760000,0x0000002b53860000)]
  0x0000002b48c58800 JavaThread "jar transforms Thread 62" [_thread_blocked, id=4496, stack(0x0000002b53860000,0x0000002b53960000)]
  0x0000002b48c5a000 JavaThread "jar transforms Thread 63" [_thread_blocked, id=2880, stack(0x0000002b53960000,0x0000002b53a60000)]
  0x0000002b48c5c000 JavaThread "jar transforms Thread 64" [_thread_blocked, id=3652, stack(0x0000002b53a60000,0x0000002b53b60000)]
  0x0000002b48c5b000 JavaThread "jar transforms Thread 65" [_thread_blocked, id=9312, stack(0x0000002b53b60000,0x0000002b53c60000)]
  0x0000002b48c59800 JavaThread "jar transforms Thread 66" [_thread_blocked, id=9752, stack(0x0000002b53c60000,0x0000002b53d60000)]
  0x0000002b48c5c800 JavaThread "jar transforms Thread 67" [_thread_blocked, id=7536, stack(0x0000002b53d60000,0x0000002b53e60000)]
  0x0000002b4bea1000 JavaThread "jar transforms Thread 68" [_thread_blocked, id=5256, stack(0x0000002b53e60000,0x0000002b53f60000)]
  0x0000002b4bea2800 JavaThread "jar transforms Thread 69" [_thread_blocked, id=2956, stack(0x0000002b53f60000,0x0000002b54060000)]
  0x0000002b4bea1800 JavaThread "jar transforms Thread 70" [_thread_blocked, id=4788, stack(0x0000002b54060000,0x0000002b54160000)]
  0x0000002b4bea5000 JavaThread "jar transforms Thread 71" [_thread_blocked, id=1696, stack(0x0000002b54160000,0x0000002b54260000)]
  0x0000002b4bea4000 JavaThread "jar transforms Thread 72" [_thread_blocked, id=5932, stack(0x0000002b54260000,0x0000002b54360000)]
  0x0000002b4bea5800 JavaThread "jar transforms Thread 73" [_thread_blocked, id=4792, stack(0x0000002b54360000,0x0000002b54460000)]
  0x0000002b4bea3800 JavaThread "jar transforms Thread 74" [_thread_blocked, id=8244, stack(0x0000002b54460000,0x0000002b54560000)]
  0x0000002b4bea9000 JavaThread "jar transforms Thread 75" [_thread_blocked, id=5108, stack(0x0000002b54560000,0x0000002b54660000)]
  0x0000002b4bea8000 JavaThread "jar transforms Thread 76" [_thread_blocked, id=10180, stack(0x0000002b54660000,0x0000002b54760000)]
  0x0000002b4bea6800 JavaThread "jar transforms Thread 77" [_thread_blocked, id=5532, stack(0x0000002b54760000,0x0000002b54860000)]
  0x0000002b4beaa000 JavaThread "jar transforms Thread 78" [_thread_blocked, id=5436, stack(0x0000002b54860000,0x0000002b54960000)]
  0x0000002b4bea7800 JavaThread "jar transforms Thread 79" [_thread_blocked, id=4568, stack(0x0000002b54960000,0x0000002b54a60000)]
  0x0000002b4beaa800 JavaThread "jar transforms Thread 80" [_thread_blocked, id=7624, stack(0x0000002b54a60000,0x0000002b54b60000)]
  0x0000002b4beac000 JavaThread "jar transforms Thread 81" [_thread_blocked, id=8580, stack(0x0000002b54b60000,0x0000002b54c60000)]
  0x0000002b4beae000 JavaThread "jar transforms Thread 82" [_thread_blocked, id=4404, stack(0x0000002b54c60000,0x0000002b54d60000)]
  0x0000002b4bead000 JavaThread "jar transforms Thread 83" [_thread_blocked, id=8480, stack(0x0000002b54d60000,0x0000002b54e60000)]
  0x0000002b4beab800 JavaThread "jar transforms Thread 84" [_thread_blocked, id=4248, stack(0x0000002b54e60000,0x0000002b54f60000)]
  0x0000002b4beaf800 JavaThread "jar transforms Thread 85" [_thread_blocked, id=3976, stack(0x0000002b54f60000,0x0000002b55060000)]
  0x0000002b4beae800 JavaThread "jar transforms Thread 86" [_thread_blocked, id=3176, stack(0x0000002b55060000,0x0000002b55160000)]
  0x0000002b4b029800 JavaThread "jar transforms Thread 87" [_thread_blocked, id=8988, stack(0x0000002b55160000,0x0000002b55260000)]
  0x0000002b4b028800 JavaThread "jar transforms Thread 88" [_thread_blocked, id=8180, stack(0x0000002b55260000,0x0000002b55360000)]
  0x0000002b4b028000 JavaThread "jar transforms Thread 89" [_thread_blocked, id=5080, stack(0x0000002b55360000,0x0000002b55460000)]
  0x0000002b4b027000 JavaThread "jar transforms Thread 90" [_thread_blocked, id=1308, stack(0x0000002b55460000,0x0000002b55560000)]
  0x0000002b4b02b000 JavaThread "jar transforms Thread 91" [_thread_blocked, id=5556, stack(0x0000002b55560000,0x0000002b55660000)]
  0x0000002b4b02c000 JavaThread "jar transforms Thread 92" [_thread_blocked, id=8784, stack(0x0000002b55660000,0x0000002b55760000)]
  0x0000002b4b02c800 JavaThread "jar transforms Thread 93" [_thread_blocked, id=4168, stack(0x0000002b55760000,0x0000002b55860000)]
  0x0000002b4b02a800 JavaThread "jar transforms Thread 94" [_thread_blocked, id=9832, stack(0x0000002b55860000,0x0000002b55960000)]
  0x0000002b4b02d800 JavaThread "jar transforms Thread 95" [_thread_blocked, id=5464, stack(0x0000002b55960000,0x0000002b55a60000)]
  0x0000002b4b02f000 JavaThread "jar transforms Thread 96" [_thread_blocked, id=2868, stack(0x0000002b55a60000,0x0000002b55b60000)]
  0x0000002b4b030000 JavaThread "jar transforms Thread 97" [_thread_blocked, id=8848, stack(0x0000002b55b60000,0x0000002b55c60000)]
  0x0000002b4b031000 JavaThread "Memory manager" [_thread_blocked, id=6616, stack(0x0000002b56460000,0x0000002b56560000)]
  0x0000002b4b032800 JavaThread "build event listener" [_thread_blocked, id=8636, stack(0x0000002b56f60000,0x0000002b57060000)]
  0x0000002b4b033000 JavaThread "build event listener" [_thread_blocked, id=6648, stack(0x0000002b52460000,0x0000002b52560000)]
  0x0000002b4b034000 JavaThread "Execution worker for ':'" [_thread_in_vm, id=9340, stack(0x0000002b57720000,0x0000002b57820000)]
  0x0000002b4b031800 JavaThread "Execution worker for ':' Thread 2" [_thread_blocked, id=4764, stack(0x0000002b57820000,0x0000002b57920000)]
  0x0000002b4b035800 JavaThread "Execution worker for ':' Thread 3" [_thread_blocked, id=8172, stack(0x0000002b57920000,0x0000002b57a20000)]
  0x0000002b4b035000 JavaThread "Cache worker for execution history cache (C:\Users\User_ll\AndroidStudioProjects\MireaProject2\.gradle\6.7.1\executionHistory)" [_thread_blocked, id=8672, stack(0x0000002b57a20000,0x0000002b57b20000)]
  0x0000002b4e766000 JavaThread "WorkerExecutor Queue" [_thread_blocked, id=9228, stack(0x0000002b57d20000,0x0000002b57e20000)]
  0x0000002b4b9be000 JavaThread "C2 CompilerThread1" daemon [_thread_in_native, id=3796, stack(0x0000002b4a0c0000,0x0000002b4a1c0000)]
  0x0000002b4e765000 JavaThread "WorkerExecutor Queue Thread 2" [_thread_blocked, id=10028, stack(0x0000002b57e20000,0x0000002b57f20000)]

Other Threads:
  0x0000002b44740800 VMThread "VM Thread" [stack: 0x0000002b45170000,0x0000002b45270000] [id=6332]
  0x0000002b45709800 WatcherThread [stack: 0x0000002b46050000,0x0000002b46150000] [id=5768]
  0x0000002b2a9fe800 GCTaskThread "GC Thread#0" [stack: 0x0000002b2a3a0000,0x0000002b2a4a0000] [id=3016]
  0x0000002b45837800 GCTaskThread "GC Thread#1" [stack: 0x0000002b46950000,0x0000002b46a50000] [id=9792]
  0x0000002b481a8800 GCTaskThread "GC Thread#2" [stack: 0x0000002b4a2c0000,0x0000002b4a3c0000] [id=8844]
  0x0000002b480ce800 GCTaskThread "GC Thread#3" [stack: 0x0000002b4a3c0000,0x0000002b4a4c0000] [id=8016]
  0x0000002b2aa33800 ConcurrentGCThread "G1 Main Marker" [stack: 0x0000002b41f30000,0x0000002b42030000] [id=4632]
  0x0000002b2aa35800 ConcurrentGCThread "G1 Conc#0" [stack: 0x0000002b42030000,0x0000002b42130000] [id=3912]
  0x0000002b44591800 ConcurrentGCThread "G1 Refine#0" [stack: 0x0000002b44770000,0x0000002b44870000] [id=6192]
  0x0000002b2aa89000 ConcurrentGCThread "G1 Young RemSet Sampling" [stack: 0x0000002b44870000,0x0000002b44970000] [id=9164]

Threads with active compile tasks:
C2 CompilerThread0  96146 9630       4       com.android.ide.common.resources.NodeUtils::updateNamespace (161 bytes)
C2 CompilerThread1  96146 9702 %     4       sun.nio.cs.UTF_8$Encoder::encodeArrayLoop @ 109 (489 bytes)

VM state:not at safepoint (normal execution)

VM Mutex/Monitor currently owned by a thread: None

Heap address: 0x0000000080000000, size: 2048 MB, Compressed Oops mode: 32-bit
Narrow klass base: 0x0000000000000000, Narrow klass shift: 3
Compressed class space size: 1073741824 Address: 0x0000000100000000

Heap:
 garbage-first heap   total 115712K, used 94873K [0x0000000080000000, 0x0000000100000000)
  region size 1024K, 8 young (8192K), 1 survivors (1024K)
 Metaspace       used 78478K, capacity 80467K, committed 80804K, reserved 1120256K
  class space    used 10098K, capacity 10753K, committed 10880K, reserved 1048576K
Heap Regions: E=young(eden), S=young(survivor), O=old, HS=humongous(starts), HC=humongous(continues), CS=collection set, F=free, A=archive, TAMS=top-at-mark-start (previous, next)
|   0|0x0000000080000000, 0x0000000080100000, 0x0000000080100000|100%| O|  |TAMS 0x0000000080100000, 0x0000000080000000| Updating 
|   1|0x0000000080100000, 0x0000000080200000, 0x0000000080200000|100%| O|  |TAMS 0x0000000080200000, 0x0000000080100000| Updating 
|   2|0x0000000080200000, 0x0000000080300000, 0x0000000080300000|100%| O|  |TAMS 0x0000000080300000, 0x0000000080200000| Updating 
|   3|0x0000000080300000, 0x0000000080400000, 0x0000000080400000|100%|HS|  |TAMS 0x0000000080400000, 0x0000000080300000| Complete 
|   4|0x0000000080400000, 0x0000000080500000, 0x0000000080500000|100%|HC|  |TAMS 0x0000000080500000, 0x0000000080400000| Complete 
|   5|0x0000000080500000, 0x0000000080600000, 0x0000000080600000|100%|HC|  |TAMS 0x0000000080600000, 0x0000000080500000| Complete 
|   6|0x0000000080600000, 0x0000000080700000, 0x0000000080700000|100%| O|  |TAMS 0x0000000080700000, 0x0000000080600000| Updating 
|   7|0x0000000080700000, 0x0000000080800000, 0x0000000080800000|100%| O|  |TAMS 0x0000000080800000, 0x0000000080700000| Updating 
|   8|0x0000000080800000, 0x0000000080900000, 0x0000000080900000|100%| O|  |TAMS 0x0000000080900000, 0x0000000080800000| Updating 
|   9|0x0000000080900000, 0x0000000080a00000, 0x0000000080a00000|100%| O|  |TAMS 0x0000000080a00000, 0x0000000080900000| Updating 
|  10|0x0000000080a00000, 0x0000000080b00000, 0x0000000080b00000|100%| O|  |TAMS 0x0000000080b00000, 0x0000000080a00000| Updating 
|  11|0x0000000080b00000, 0x0000000080c00000, 0x0000000080c00000|100%| O|  |TAMS 0x0000000080c00000, 0x0000000080b00000| Updating 
|  12|0x0000000080c00000, 0x0000000080d00000, 0x0000000080d00000|100%| O|  |TAMS 0x0000000080d00000, 0x0000000080c00000| Updating 
|  13|0x0000000080d00000, 0x0000000080e00000, 0x0000000080e00000|100%| O|  |TAMS 0x0000000080e00000, 0x0000000080d00000| Updating 
|  14|0x0000000080e00000, 0x0000000080f00000, 0x0000000080f00000|100%| O|  |TAMS 0x0000000080f00000, 0x0000000080e00000| Updating 
|  15|0x0000000080f00000, 0x0000000081000000, 0x0000000081000000|100%| O|  |TAMS 0x0000000081000000, 0x0000000080f00000| Updating 
|  16|0x0000000081000000, 0x0000000081100000, 0x0000000081100000|100%| O|  |TAMS 0x0000000081100000, 0x0000000081000000| Updating 
|  17|0x0000000081100000, 0x0000000081200000, 0x0000000081200000|100%| O|  |TAMS 0x0000000081200000, 0x0000000081100000| Updating 
|  18|0x0000000081200000, 0x0000000081300000, 0x0000000081300000|100%|HS|  |TAMS 0x0000000081300000, 0x0000000081200000| Complete 
|  19|0x0000000081300000, 0x0000000081400000, 0x0000000081400000|100%| O|  |TAMS 0x0000000081400000, 0x0000000081300000| Updating 
|  20|0x0000000081400000, 0x0000000081500000, 0x0000000081500000|100%| O|  |TAMS 0x0000000081500000, 0x0000000081400000| Updating 
|  21|0x0000000081500000, 0x0000000081600000, 0x0000000081600000|100%| O|  |TAMS 0x0000000081600000, 0x0000000081500000| Updating 
|  22|0x0000000081600000, 0x0000000081700000, 0x0000000081700000|100%| O|  |TAMS 0x0000000081700000, 0x0000000081600000| Updating 
|  23|0x0000000081700000, 0x0000000081800000, 0x0000000081800000|100%| O|  |TAMS 0x0000000081800000, 0x0000000081700000| Updating 
|  24|0x0000000081800000, 0x0000000081900000, 0x0000000081900000|100%| O|  |TAMS 0x0000000081900000, 0x0000000081800000| Updating 
|  25|0x0000000081900000, 0x0000000081a00000, 0x0000000081a00000|100%|HS|  |TAMS 0x0000000081a00000, 0x0000000081900000| Complete 
|  26|0x0000000081a00000, 0x0000000081b00000, 0x0000000081b00000|100%|HC|  |TAMS 0x0000000081b00000, 0x0000000081a00000| Complete 
|  27|0x0000000081b00000, 0x0000000081c00000, 0x0000000081c00000|100%| O|  |TAMS 0x0000000081c00000, 0x0000000081b00000| Updating 
|  28|0x0000000081c00000, 0x0000000081d00000, 0x0000000081d00000|100%| O|  |TAMS 0x0000000081d00000, 0x0000000081c00000| Updating 
|  29|0x0000000081d00000, 0x0000000081e00000, 0x0000000081e00000|100%| O|  |TAMS 0x0000000081e00000, 0x0000000081d00000| Updating 
|  30|0x0000000081e00000, 0x0000000081f00000, 0x0000000081f00000|100%| O|  |TAMS 0x0000000081f00000, 0x0000000081e00000| Updating 
|  31|0x0000000081f00000, 0x0000000082000000, 0x0000000082000000|100%| O|  |TAMS 0x0000000082000000, 0x0000000081f00000| Updating 
|  32|0x0000000082000000, 0x0000000082100000, 0x0000000082100000|100%| O|  |TAMS 0x0000000082100000, 0x0000000082000000| Updating 
|  33|0x0000000082100000, 0x0000000082200000, 0x0000000082200000|100%| O|  |TAMS 0x0000000082200000, 0x0000000082100000| Updating 
|  34|0x0000000082200000, 0x0000000082300000, 0x0000000082300000|100%| O|  |TAMS 0x0000000082300000, 0x0000000082200000| Updating 
|  35|0x0000000082300000, 0x0000000082400000, 0x0000000082400000|100%| O|  |TAMS 0x0000000082400000, 0x0000000082300000| Updating 
|  36|0x0000000082400000, 0x0000000082500000, 0x0000000082500000|100%| O|  |TAMS 0x0000000082500000, 0x0000000082400000| Updating 
|  37|0x0000000082500000, 0x0000000082600000, 0x0000000082600000|100%| O|  |TAMS 0x0000000082600000, 0x0000000082500000| Updating 
|  38|0x0000000082600000, 0x0000000082700000, 0x0000000082700000|100%| O|  |TAMS 0x0000000082700000, 0x0000000082600000| Updating 
|  39|0x0000000082700000, 0x0000000082800000, 0x0000000082800000|100%| O|  |TAMS 0x0000000082800000, 0x0000000082700000| Updating 
|  40|0x0000000082800000, 0x0000000082900000, 0x0000000082900000|100%| O|  |TAMS 0x0000000082900000, 0x0000000082800000| Updating 
|  41|0x0000000082900000, 0x0000000082a00000, 0x0000000082a00000|100%| O|  |TAMS 0x0000000082a00000, 0x0000000082900000| Updating 
|  42|0x0000000082a00000, 0x0000000082b00000, 0x0000000082b00000|100%| O|  |TAMS 0x0000000082b00000, 0x0000000082a00000| Updating 
|  43|0x0000000082b00000, 0x0000000082c00000, 0x0000000082c00000|100%| O|  |TAMS 0x0000000082c00000, 0x0000000082b00000| Updating 
|  44|0x0000000082c00000, 0x0000000082d00000, 0x0000000082d00000|100%| O|  |TAMS 0x0000000082d00000, 0x0000000082c00000| Updating 
|  45|0x0000000082d00000, 0x0000000082e00000, 0x0000000082e00000|100%| O|  |TAMS 0x0000000082e00000, 0x0000000082d00000| Updating 
|  46|0x0000000082e00000, 0x0000000082f00000, 0x0000000082f00000|100%| O|  |TAMS 0x0000000082f00000, 0x0000000082e00000| Updating 
|  47|0x0000000082f00000, 0x0000000083000000, 0x0000000083000000|100%| O|  |TAMS 0x0000000083000000, 0x0000000082f00000| Updating 
|  48|0x0000000083000000, 0x0000000083100000, 0x0000000083100000|100%| O|  |TAMS 0x0000000083100000, 0x0000000083000000| Updating 
|  49|0x0000000083100000, 0x0000000083200000, 0x0000000083200000|100%| O|  |TAMS 0x0000000083200000, 0x0000000083100000| Updating 
|  50|0x0000000083200000, 0x0000000083300000, 0x0000000083300000|100%| O|  |TAMS 0x0000000083300000, 0x0000000083200000| Updating 
|  51|0x0000000083300000, 0x0000000083400000, 0x0000000083400000|100%| O|  |TAMS 0x0000000083400000, 0x0000000083300000| Updating 
|  52|0x0000000083400000, 0x0000000083500000, 0x0000000083500000|100%| O|  |TAMS 0x0000000083500000, 0x0000000083400000| Updating 
|  53|0x0000000083500000, 0x0000000083600000, 0x0000000083600000|100%| O|  |TAMS 0x0000000083600000, 0x0000000083500000| Updating 
|  54|0x0000000083600000, 0x0000000083700000, 0x0000000083700000|100%| O|  |TAMS 0x0000000083700000, 0x0000000083600000| Updating 
|  55|0x0000000083700000, 0x0000000083800000, 0x0000000083800000|100%| O|  |TAMS 0x0000000083800000, 0x0000000083700000| Updating 
|  56|0x0000000083800000, 0x0000000083900000, 0x0000000083900000|100%| O|  |TAMS 0x0000000083900000, 0x0000000083800000| Updating 
|  57|0x0000000083900000, 0x0000000083a00000, 0x0000000083a00000|100%| O|  |TAMS 0x0000000083a00000, 0x0000000083900000| Updating 
|  58|0x0000000083a00000, 0x0000000083b00000, 0x0000000083b00000|100%| O|  |TAMS 0x0000000083b00000, 0x0000000083a00000| Updating 
|  59|0x0000000083b00000, 0x0000000083c00000, 0x0000000083c00000|100%| O|  |TAMS 0x0000000083c00000, 0x0000000083b00000| Updating 
|  60|0x0000000083c00000, 0x0000000083d00000, 0x0000000083d00000|100%| O|  |TAMS 0x0000000083d00000, 0x0000000083c00000| Updating 
|  61|0x0000000083d00000, 0x0000000083e00000, 0x0000000083e00000|100%| O|  |TAMS 0x0000000083e00000, 0x0000000083d00000| Updating 
|  62|0x0000000083e00000, 0x0000000083f00000, 0x0000000083f00000|100%| O|  |TAMS 0x0000000083f00000, 0x0000000083e00000| Updating 
|  63|0x0000000083f00000, 0x0000000084000000, 0x0000000084000000|100%| O|  |TAMS 0x0000000084000000, 0x0000000083f00000| Updating 
|  64|0x0000000084000000, 0x0000000084100000, 0x0000000084100000|100%| O|  |TAMS 0x0000000084100000, 0x0000000084000000| Updating 
|  65|0x0000000084100000, 0x0000000084200000, 0x0000000084200000|100%| O|  |TAMS 0x0000000084200000, 0x0000000084100000| Updating 
|  66|0x0000000084200000, 0x0000000084300000, 0x0000000084300000|100%| O|  |TAMS 0x0000000084300000, 0x0000000084200000| Updating 
|  67|0x0000000084300000, 0x0000000084400000, 0x0000000084400000|100%|HS|  |TAMS 0x0000000084400000, 0x0000000084300000| Complete 
|  68|0x0000000084400000, 0x0000000084500000, 0x0000000084500000|100%| O|  |TAMS 0x0000000084500000, 0x0000000084400000| Updating 
|  69|0x0000000084500000, 0x0000000084600000, 0x0000000084600000|100%| O|  |TAMS 0x0000000084600000, 0x0000000084500000| Updating 
|  70|0x0000000084600000, 0x0000000084700000, 0x0000000084700000|100%| O|  |TAMS 0x0000000084700000, 0x0000000084600000| Updating 
|  71|0x0000000084700000, 0x0000000084800000, 0x0000000084800000|100%| O|  |TAMS 0x0000000084800000, 0x0000000084700000| Updating 
|  72|0x0000000084800000, 0x0000000084900000, 0x0000000084900000|100%| O|  |TAMS 0x0000000084900000, 0x0000000084800000| Updating 
|  73|0x0000000084900000, 0x0000000084a00000, 0x0000000084a00000|100%| O|  |TAMS 0x0000000084a00000, 0x0000000084900000| Updating 
|  74|0x0000000084a00000, 0x0000000084b00000, 0x0000000084b00000|100%| O|  |TAMS 0x0000000084b00000, 0x0000000084a00000| Updating 
|  75|0x0000000084b00000, 0x0000000084c00000, 0x0000000084c00000|100%| O|  |TAMS 0x0000000084c00000, 0x0000000084b00000| Updating 
|  76|0x0000000084c00000, 0x0000000084d00000, 0x0000000084d00000|100%| O|  |TAMS 0x0000000084d00000, 0x0000000084c00000| Updating 
|  77|0x0000000084d00000, 0x0000000084db3400, 0x0000000084e00000| 70%| O|  |TAMS 0x0000000084db3400, 0x0000000084d00000| Updating 
|  78|0x0000000084e00000, 0x0000000084f00000, 0x0000000084f00000|100%|HS|  |TAMS 0x0000000084f00000, 0x0000000084e00000| Complete 
|  79|0x0000000084f00000, 0x0000000085000000, 0x0000000085000000|100%|HS|  |TAMS 0x0000000084f00000, 0x0000000084f00000| Complete 
|  80|0x0000000085000000, 0x0000000085100000, 0x0000000085100000|100%|HC|  |TAMS 0x0000000085000000, 0x0000000085000000| Complete 
|  81|0x0000000085100000, 0x0000000085200000, 0x0000000085200000|100%|HS|  |TAMS 0x0000000085100000, 0x0000000085100000| Complete 
|  82|0x0000000085200000, 0x0000000085300000, 0x0000000085300000|100%|HS|  |TAMS 0x0000000085200000, 0x0000000085200000| Complete 
|  83|0x0000000085300000, 0x0000000085400000, 0x0000000085400000|100%|HC|  |TAMS 0x0000000085300000, 0x0000000085300000| Complete 
|  84|0x0000000085400000, 0x0000000085500000, 0x0000000085500000|100%|HS|  |TAMS 0x0000000085400000, 0x0000000085400000| Complete 
|  85|0x0000000085500000, 0x0000000085600000, 0x0000000085600000|100%|HC|  |TAMS 0x0000000085500000, 0x0000000085500000| Complete 
|  86|0x0000000085600000, 0x0000000085600000, 0x0000000085700000|  0%| F|  |TAMS 0x0000000085600000, 0x0000000085600000| Untracked 
|  87|0x0000000085700000, 0x0000000085700000, 0x0000000085800000|  0%| F|  |TAMS 0x0000000085700000, 0x0000000085700000| Untracked 
|  88|0x0000000085800000, 0x0000000085800000, 0x0000000085900000|  0%| F|  |TAMS 0x0000000085800000, 0x0000000085800000| Untracked 
|  89|0x0000000085900000, 0x0000000085900000, 0x0000000085a00000|  0%| F|  |TAMS 0x0000000085900000, 0x0000000085900000| Untracked 
|  90|0x0000000085a00000, 0x0000000085a00000, 0x0000000085b00000|  0%| F|  |TAMS 0x0000000085a00000, 0x0000000085a00000| Untracked 
|  91|0x0000000085b00000, 0x0000000085b00000, 0x0000000085c00000|  0%| F|  |TAMS 0x0000000085b00000, 0x0000000085b00000| Untracked 
|  92|0x0000000085c00000, 0x0000000085c00000, 0x0000000085d00000|  0%| F|  |TAMS 0x0000000085c00000, 0x0000000085c00000| Untracked 
|  93|0x0000000085d00000, 0x0000000085d00000, 0x0000000085e00000|  0%| F|  |TAMS 0x0000000085d00000, 0x0000000085d00000| Untracked 
|  94|0x0000000085e00000, 0x0000000085e00000, 0x0000000085f00000|  0%| F|  |TAMS 0x0000000085e00000, 0x0000000085e00000| Untracked 
|  95|0x0000000085f00000, 0x0000000085f00000, 0x0000000086000000|  0%| F|  |TAMS 0x0000000085f00000, 0x0000000085f00000| Untracked 
|  96|0x0000000086000000, 0x0000000086000000, 0x0000000086100000|  0%| F|  |TAMS 0x0000000086000000, 0x0000000086000000| Untracked 
|  97|0x0000000086100000, 0x0000000086100000, 0x0000000086200000|  0%| F|  |TAMS 0x0000000086100000, 0x0000000086100000| Untracked 
|  98|0x0000000086200000, 0x0000000086200000, 0x0000000086300000|  0%| F|  |TAMS 0x0000000086200000, 0x0000000086200000| Untracked 
|  99|0x0000000086300000, 0x0000000086300000, 0x0000000086400000|  0%| F|  |TAMS 0x0000000086300000, 0x0000000086300000| Untracked 
| 100|0x0000000086400000, 0x0000000086400000, 0x0000000086500000|  0%| F|  |TAMS 0x0000000086400000, 0x0000000086400000| Untracked 
| 101|0x0000000086500000, 0x0000000086500000, 0x0000000086600000|  0%| F|  |TAMS 0x0000000086500000, 0x0000000086500000| Untracked 
| 102|0x0000000086600000, 0x0000000086600000, 0x0000000086700000|  0%| F|  |TAMS 0x0000000086600000, 0x0000000086600000| Untracked 
| 103|0x0000000086700000, 0x0000000086700000, 0x0000000086800000|  0%| F|  |TAMS 0x0000000086700000, 0x0000000086700000| Untracked 
| 104|0x0000000086800000, 0x0000000086800000, 0x0000000086900000|  0%| F|  |TAMS 0x0000000086800000, 0x0000000086800000| Untracked 
| 105|0x0000000086900000, 0x0000000086982c38, 0x0000000086a00000| 51%| E|  |TAMS 0x0000000086900000, 0x0000000086900000| Complete 
| 106|0x0000000086a00000, 0x0000000086b00000, 0x0000000086b00000|100%| E|CS|TAMS 0x0000000086a00000, 0x0000000086a00000| Complete 
| 107|0x0000000086b00000, 0x0000000086c00000, 0x0000000086c00000|100%| E|CS|TAMS 0x0000000086b00000, 0x0000000086b00000| Complete 
| 108|0x0000000086c00000, 0x0000000086d00000, 0x0000000086d00000|100%| E|CS|TAMS 0x0000000086c00000, 0x0000000086c00000| Complete 
| 109|0x0000000086d00000, 0x0000000086e00000, 0x0000000086e00000|100%| E|CS|TAMS 0x0000000086d00000, 0x0000000086d00000| Complete 
| 110|0x0000000086e00000, 0x0000000086f00000, 0x0000000086f00000|100%| E|CS|TAMS 0x0000000086e00000, 0x0000000086e00000| Complete 
| 111|0x0000000086f00000, 0x0000000086ff3350, 0x0000000087000000| 95%| S|CS|TAMS 0x0000000086f00000, 0x0000000086f00000| Complete 
| 112|0x0000000087000000, 0x0000000087100000, 0x0000000087100000|100%| E|CS|TAMS 0x0000000087000000, 0x0000000087000000| Complete 

Card table byte_map: [0x0000002b3d730000,0x0000002b3db30000] _byte_map_base: 0x0000002b3d330000

Marking Bits (Prev, Next): (CMBitMap*) 0x0000002b2aa28868, (CMBitMap*) 0x0000002b2aa288a0
 Prev Bits: [0x0000002b3df30000, 0x0000002b3ff30000)
 Next Bits: [0x0000002b3ff30000, 0x0000002b41f30000)

Polling page: 0x0000002b2a190000

Metaspace:

Usage:
  Non-class:     68.08 MB capacity,    66.78 MB ( 98%) used,     1.11 MB (  2%) free+waste,   195.94 KB ( <1%) overhead. 
      Class:     10.50 MB capacity,     9.86 MB ( 94%) used,   565.27 KB (  5%) free+waste,    89.19 KB ( <1%) overhead. 
       Both:     78.58 MB capacity,    76.64 MB ( 98%) used,     1.66 MB (  2%) free+waste,   285.13 KB ( <1%) overhead. 

Virtual space:
  Non-class space:       70.00 MB reserved,      68.29 MB ( 98%) committed 
      Class space:        1.00 GB reserved,      10.63 MB (  1%) committed 
             Both:        1.07 GB reserved,      78.91 MB (  7%) committed 

Chunk freelists:
   Non-Class:  18.00 KB
       Class:  31.00 KB
        Both:  49.00 KB

MaxMetaspaceSize: 17179869184.00 GB
CompressedClassSpaceSize: 1.00 GB

CodeHeap 'non-profiled nmethods': size=120064Kb used=6011Kb max_used=6011Kb free=114052Kb
 bounds [0x0000002b35df0000, 0x0000002b363d0000, 0x0000002b3d330000]
CodeHeap 'profiled nmethods': size=120000Kb used=20635Kb max_used=20635Kb free=99364Kb
 bounds [0x0000002b2e8c0000, 0x0000002b2fcf0000, 0x0000002b35df0000]
CodeHeap 'non-nmethods': size=5696Kb used=2256Kb max_used=2298Kb free=3439Kb
 bounds [0x0000002b2e330000, 0x0000002b2e5a0000, 0x0000002b2e8c0000]
 total_blobs=10248 nmethods=9409 adapters=749
 compilation: enabled
              stopped_count=0, restarted_count=0
 full_count=0

Compilation events (20 events):
Event: 95.992 Thread 0x0000002b4555a000 9688       1       com.google.common.cache.LocalCache$2::peek (2 bytes)
Event: 95.992 Thread 0x0000002b4555a000 nmethod 9688 0x0000002b363bdd90 code [0x0000002b363bdf40, 0x0000002b363bdff8]
Event: 95.996 Thread 0x0000002b4555a000 9689       1       com.google.common.cache.LocalCache$StrongEntry::getHash (5 bytes)
Event: 95.996 Thread 0x0000002b4555a000 nmethod 9689 0x0000002b363be090 code [0x0000002b363be240, 0x0000002b363be2f8]
Event: 96.002 Thread 0x0000002b4555a000 9690       2       java.util.ComparableTimSort::mergeCollapse (134 bytes)
Event: 96.002 Thread 0x0000002b4555a000 nmethod 9690 0x0000002b2fce2e10 code [0x0000002b2fce2fe0, 0x0000002b2fce3328]
Event: 96.011 Thread 0x0000002b4555a000 9691       1       com.google.common.cache.LocalCache$StrongEntry::getKey (5 bytes)
Event: 96.011 Thread 0x0000002b4555a000 nmethod 9691 0x0000002b363be390 code [0x0000002b363be540, 0x0000002b363be5f8]
Event: 96.014 Thread 0x0000002b4555a000 9692       2       org.apache.xerces.parsers.AbstractXMLDocumentParser::<init> (27 bytes)
Event: 96.015 Thread 0x0000002b4555a000 nmethod 9692 0x0000002b2fce3590 code [0x0000002b2fce3780, 0x0000002b2fce3ad8]
Event: 96.015 Thread 0x0000002b4555a000 9693       2       org.apache.xerces.parsers.XMLParser::<init> (22 bytes)
Event: 96.015 Thread 0x0000002b4555a000 nmethod 9693 0x0000002b2fce3c90 code [0x0000002b2fce3e60, 0x0000002b2fce4028]
Event: 96.032 Thread 0x0000002b4555a000 9694       1       com.google.common.cache.LocalCache$StrongEntry::getValueReference (5 bytes)
Event: 96.032 Thread 0x0000002b4555a000 nmethod 9694 0x0000002b363be690 code [0x0000002b363be840, 0x0000002b363be8f8]
Event: 96.034 Thread 0x0000002b4555a000 9695       2       java.util.ComparableTimSort::mergeLo (656 bytes)
Event: 96.036 Thread 0x0000002b4555a000 nmethod 9695 0x0000002b2fce4110 code [0x0000002b2fce4420, 0x0000002b2fce5d58]
Event: 96.037 Thread 0x0000002b4555a000 9696       1       com.google.common.cache.CacheBuilder$3::read (2 bytes)
Event: 96.037 Thread 0x0000002b4555a000 nmethod 9696 0x0000002b363be990 code [0x0000002b363beb40, 0x0000002b363bebf8]
Event: 96.042 Thread 0x0000002b4555a000 9697       1       com.google.common.cache.LocalCache$2::offer (2 bytes)
Event: 96.042 Thread 0x0000002b4555a000 nmethod 9697 0x0000002b363bec90 code [0x0000002b363bee40, 0x0000002b363beef8]

GC Heap History (20 events):
Event: 94.874 GC heap before
{Heap before GC invocations=46 (full 0):
 garbage-first heap   total 96256K, used 82605K [0x0000000080000000, 0x0000000100000000)
  region size 1024K, 5 young (5120K), 1 survivors (1024K)
 Metaspace       used 77654K, capacity 79565K, committed 79908K, reserved 1118208K
  class space    used 10023K, capacity 10664K, committed 10752K, reserved 1048576K
}
Event: 94.876 GC heap after
{Heap after GC invocations=47 (full 0):
 garbage-first heap   total 96256K, used 78539K [0x0000000080000000, 0x0000000100000000)
  region size 1024K, 1 young (1024K), 1 survivors (1024K)
 Metaspace       used 77654K, capacity 79565K, committed 79908K, reserved 1118208K
  class space    used 10023K, capacity 10664K, committed 10752K, reserved 1048576K
}
Event: 95.019 GC heap before
{Heap before GC invocations=47 (full 0):
 garbage-first heap   total 96256K, used 81611K [0x0000000080000000, 0x0000000100000000)
  region size 1024K, 5 young (5120K), 1 survivors (1024K)
 Metaspace       used 77663K, capacity 79565K, committed 79908K, reserved 1118208K
  class space    used 10023K, capacity 10664K, committed 10752K, reserved 1048576K
}
Event: 95.022 GC heap after
{Heap after GC invocations=48 (full 0):
 garbage-first heap   total 96256K, used 78592K [0x0000000080000000, 0x0000000100000000)
  region size 1024K, 1 young (1024K), 1 survivors (1024K)
 Metaspace       used 77663K, capacity 79565K, committed 79908K, reserved 1118208K
  class space    used 10023K, capacity 10664K, committed 10752K, reserved 1048576K
}
Event: 95.086 GC heap before
{Heap before GC invocations=48 (full 0):
 garbage-first heap   total 96256K, used 82688K [0x0000000080000000, 0x0000000100000000)
  region size 1024K, 5 young (5120K), 1 survivors (1024K)
 Metaspace       used 77667K, capacity 79565K, committed 79908K, reserved 1118208K
  class space    used 10023K, capacity 10664K, committed 10752K, reserved 1048576K
}
Event: 95.088 GC heap after
{Heap after GC invocations=49 (full 0):
 garbage-first heap   total 96256K, used 78672K [0x0000000080000000, 0x0000000100000000)
  region size 1024K, 1 young (1024K), 1 survivors (1024K)
 Metaspace       used 77667K, capacity 79565K, committed 79908K, reserved 1118208K
  class space    used 10023K, capacity 10664K, committed 10752K, reserved 1048576K
}
Event: 95.144 GC heap before
{Heap before GC invocations=49 (full 0):
 garbage-first heap   total 96256K, used 82768K [0x0000000080000000, 0x0000000100000000)
  region size 1024K, 5 young (5120K), 1 survivors (1024K)
 Metaspace       used 77674K, capacity 79565K, committed 79908K, reserved 1118208K
  class space    used 10023K, capacity 10664K, committed 10752K, reserved 1048576K
}
Event: 95.145 GC heap after
{Heap after GC invocations=50 (full 0):
 garbage-first heap   total 96256K, used 78727K [0x0000000080000000, 0x0000000100000000)
  region size 1024K, 1 young (1024K), 1 survivors (1024K)
 Metaspace       used 77674K, capacity 79565K, committed 79908K, reserved 1118208K
  class space    used 10023K, capacity 10664K, committed 10752K, reserved 1048576K
}
Event: 95.255 GC heap before
{Heap before GC invocations=50 (full 0):
 garbage-first heap   total 96256K, used 82823K [0x0000000080000000, 0x0000000100000000)
  region size 1024K, 5 young (5120K), 1 survivors (1024K)
 Metaspace       used 77898K, capacity 79800K, committed 79908K, reserved 1118208K
  class space    used 10042K, capacity 10700K, committed 10752K, reserved 1048576K
}
Event: 95.258 GC heap after
{Heap after GC invocations=51 (full 0):
 garbage-first heap   total 96256K, used 78832K [0x0000000080000000, 0x0000000100000000)
  region size 1024K, 1 young (1024K), 1 survivors (1024K)
 Metaspace       used 77898K, capacity 79800K, committed 79908K, reserved 1118208K
  class space    used 10042K, capacity 10700K, committed 10752K, reserved 1048576K
}
Event: 95.358 GC heap before
{Heap before GC invocations=52 (full 0):
 garbage-first heap   total 96256K, used 82928K [0x0000000080000000, 0x0000000100000000)
  region size 1024K, 5 young (5120K), 1 survivors (1024K)
 Metaspace       used 77994K, capacity 79931K, committed 80164K, reserved 1118208K
  class space    used 10053K, capacity 10701K, committed 10752K, reserved 1048576K
}
Event: 95.361 GC heap after
{Heap after GC invocations=53 (full 0):
 garbage-first heap   total 96256K, used 79880K [0x0000000080000000, 0x0000000100000000)
  region size 1024K, 1 young (1024K), 1 survivors (1024K)
 Metaspace       used 77994K, capacity 79931K, committed 80164K, reserved 1118208K
  class space    used 10053K, capacity 10701K, committed 10752K, reserved 1048576K
}
Event: 95.440 GC heap before
{Heap before GC invocations=53 (full 0):
 garbage-first heap   total 96256K, used 82952K [0x0000000080000000, 0x0000000100000000)
  region size 1024K, 4 young (4096K), 1 survivors (1024K)
 Metaspace       used 78137K, capacity 80049K, committed 80164K, reserved 1118208K
  class space    used 10066K, capacity 10710K, committed 10752K, reserved 1048576K
}
Event: 95.443 GC heap after
{Heap after GC invocations=54 (full 0):
 garbage-first heap   total 96256K, used 79850K [0x0000000080000000, 0x0000000100000000)
  region size 1024K, 1 young (1024K), 1 survivors (1024K)
 Metaspace       used 78137K, capacity 80049K, committed 80164K, reserved 1118208K
  class space    used 10066K, capacity 10710K, committed 10752K, reserved 1048576K
}
Event: 95.614 GC heap before
{Heap before GC invocations=54 (full 0):
 garbage-first heap   total 96256K, used 82922K [0x0000000080000000, 0x0000000100000000)
  region size 1024K, 4 young (4096K), 1 survivors (1024K)
 Metaspace       used 78246K, capacity 80211K, committed 80548K, reserved 1120256K
  class space    used 10080K, capacity 10753K, committed 10880K, reserved 1048576K
}
Event: 95.616 GC heap after
{Heap after GC invocations=55 (full 0):
 garbage-first heap   total 96256K, used 79888K [0x0000000080000000, 0x0000000100000000)
  region size 1024K, 1 young (1024K), 1 survivors (1024K)
 Metaspace       used 78246K, capacity 80211K, committed 80548K, reserved 1120256K
  class space    used 10080K, capacity 10753K, committed 10880K, reserved 1048576K
}
Event: 95.798 GC heap before
{Heap before GC invocations=56 (full 0):
 garbage-first heap   total 96256K, used 83984K [0x0000000080000000, 0x0000000100000000)
  region size 1024K, 4 young (4096K), 1 survivors (1024K)
 Metaspace       used 78420K, capacity 80339K, committed 80548K, reserved 1120256K
  class space    used 10096K, capacity 10753K, committed 10880K, reserved 1048576K
}
Event: 95.806 GC heap after
{Heap after GC invocations=57 (full 0):
 garbage-first heap   total 115712K, used 81478K [0x0000000080000000, 0x0000000100000000)
  region size 1024K, 1 young (1024K), 1 survivors (1024K)
 Metaspace       used 78420K, capacity 80339K, committed 80548K, reserved 1120256K
  class space    used 10096K, capacity 10753K, committed 10880K, reserved 1048576K
}
Event: 95.819 GC heap before
{Heap before GC invocations=57 (full 0):
 garbage-first heap   total 115712K, used 81478K [0x0000000080000000, 0x0000000100000000)
  region size 1024K, 2 young (2048K), 1 survivors (1024K)
 Metaspace       used 78420K, capacity 80339K, committed 80548K, reserved 1120256K
  class space    used 10096K, capacity 10753K, committed 10880K, reserved 1048576K
}
Event: 95.827 GC heap after
{Heap after GC invocations=58 (full 0):
 garbage-first heap   total 115712K, used 81561K [0x0000000080000000, 0x0000000100000000)
  region size 1024K, 1 young (1024K), 1 survivors (1024K)
 Metaspace       used 78420K, capacity 80339K, committed 80548K, reserved 1120256K
  class space    used 10096K, capacity 10753K, committed 10880K, reserved 1048576K
}

Deoptimization events (20 events):
Event: 95.765 Thread 0x0000002b4b034000 DEOPT PACKING pc=0x0000002b2fcaa798 sp=0x0000002b5781a9f0
Event: 95.765 Thread 0x0000002b4b034000 DEOPT UNPACKING pc=0x0000002b2e35724e sp=0x0000002b57819f20 mode 0
Event: 95.777 Thread 0x0000002b4b034000 DEOPT PACKING pc=0x0000002b2fcaf4f8 sp=0x0000002b5781a690
Event: 95.777 Thread 0x0000002b4b034000 DEOPT UNPACKING pc=0x0000002b2e35724e sp=0x0000002b57819bc0 mode 0
Event: 95.785 Thread 0x0000002b4b034000 DEOPT PACKING pc=0x0000002b2fcae944 sp=0x0000002b5781a820
Event: 95.785 Thread 0x0000002b4b034000 DEOPT UNPACKING pc=0x0000002b2e35724e sp=0x0000002b57819cb8 mode 0
Event: 95.849 Thread 0x0000002b4b034000 Uncommon trap: trap_request=0xffffff4d fr.pc=0x0000002b35e34910 relative=0x0000000000000530
Event: 95.849 Thread 0x0000002b4b034000 Uncommon trap: reason=unstable_if action=reinterpret pc=0x0000002b35e34910 method=sun.nio.cs.UTF_8$Encoder.encodeArrayLoop(Ljava/nio/CharBuffer;Ljava/nio/ByteBuffer;)Ljava/nio/charset/CoderResult; @ 134 c2
Event: 95.849 Thread 0x0000002b4b034000 DEOPT PACKING pc=0x0000002b35e34910 sp=0x0000002b5781a9b0
Event: 95.849 Thread 0x0000002b4b034000 DEOPT UNPACKING pc=0x0000002b2e35742f sp=0x0000002b5781a918 mode 2
Event: 95.860 Thread 0x0000002b4b034000 DEOPT PACKING pc=0x0000002b2fcd2800 sp=0x0000002b5781a8a0
Event: 95.860 Thread 0x0000002b4b034000 DEOPT UNPACKING pc=0x0000002b2e35724e sp=0x0000002b57819e18 mode 0
Event: 95.898 Thread 0x0000002b4b034000 Uncommon trap: trap_request=0xffffffc6 fr.pc=0x0000002b36320f00 relative=0x0000000000001200
Event: 95.898 Thread 0x0000002b4b034000 Uncommon trap: reason=bimorphic_or_optimized_type_check action=maybe_recompile pc=0x0000002b36320f00 method=org.apache.xerces.dom.AttributeMap.setNamedItem(Lorg/w3c/dom/Node;)Lorg/w3c/dom/Node; @ 4 c2
Event: 95.898 Thread 0x0000002b4b034000 DEOPT PACKING pc=0x0000002b36320f00 sp=0x0000002b5781ac40
Event: 95.898 Thread 0x0000002b4b034000 DEOPT UNPACKING pc=0x0000002b2e35742f sp=0x0000002b5781ac20 mode 2
Event: 95.905 Thread 0x0000002b4b034000 Uncommon trap: trap_request=0xffffffc6 fr.pc=0x0000002b36320f00 relative=0x0000000000001200
Event: 95.905 Thread 0x0000002b4b034000 Uncommon trap: reason=bimorphic_or_optimized_type_check action=maybe_recompile pc=0x0000002b36320f00 method=org.apache.xerces.dom.AttributeMap.setNamedItem(Lorg/w3c/dom/Node;)Lorg/w3c/dom/Node; @ 4 c2
Event: 95.905 Thread 0x0000002b4b034000 DEOPT PACKING pc=0x0000002b36320f00 sp=0x0000002b5781ac40
Event: 95.905 Thread 0x0000002b4b034000 DEOPT UNPACKING pc=0x0000002b2e35742f sp=0x0000002b5781ac20 mode 2

Classes redefined (0 events):
No events

Internal exceptions (20 events):
Event: 88.586 Thread 0x0000002b48283000 Implicit null exception at 0x0000002b36295e65 to 0x0000002b36296608
Event: 89.246 Thread 0x0000002b48281800 Implicit null exception at 0x0000002b362b2952 to 0x0000002b362b2d58
Event: 92.895 Thread 0x0000002b4b034000 Implicit null exception at 0x0000002b363135f4 to 0x0000002b3631384c
Event: 95.426 Thread 0x0000002b4b034000 Exception <a 'java/lang/NoSuchMethodError'{0x0000000085b2a310}: <clinit>> (0x0000000085b2a310) thrown at [./src/hotspot/share/prims/jni.cpp, line 1362]
Event: 95.427 Thread 0x0000002b4b034000 Exception <a 'java/lang/NoSuchMethodError'{0x0000000085b38d90}: <clinit>> (0x0000000085b38d90) thrown at [./src/hotspot/share/prims/jni.cpp, line 1362]
Event: 95.435 Thread 0x0000002b4b034000 Exception <a 'java/lang/NoSuchMethodError'{0x0000000085b9f960}: <clinit>> (0x0000000085b9f960) thrown at [./src/hotspot/share/prims/jni.cpp, line 1362]
Event: 95.435 Thread 0x0000002b4b034000 Exception <a 'java/lang/NoSuchMethodError'{0x0000000085ba2280}: <clinit>> (0x0000000085ba2280) thrown at [./src/hotspot/share/prims/jni.cpp, line 1362]
Event: 95.435 Thread 0x0000002b4b034000 Exception <a 'java/lang/NoSuchMethodError'{0x0000000085ba6900}: <clinit>> (0x0000000085ba6900) thrown at [./src/hotspot/share/prims/jni.cpp, line 1362]
Event: 95.435 Thread 0x0000002b4b034000 Exception <a 'java/lang/NoSuchMethodError'{0x0000000085bb1bb8}: <clinit>> (0x0000000085bb1bb8) thrown at [./src/hotspot/share/prims/jni.cpp, line 1362]
Event: 95.445 Thread 0x0000002b4b034000 Exception <a 'java/lang/NoSuchMethodError'{0x0000000085d05a98}: <clinit>> (0x0000000085d05a98) thrown at [./src/hotspot/share/prims/jni.cpp, line 1362]
Event: 95.448 Thread 0x0000002b4b034000 Exception <a 'java/lang/NoSuchMethodError'{0x0000000085d37d58}: <clinit>> (0x0000000085d37d58) thrown at [./src/hotspot/share/prims/jni.cpp, line 1362]
Event: 95.448 Thread 0x0000002b4b034000 Exception <a 'java/lang/NoSuchMethodError'{0x0000000085d3b1c0}: <clinit>> (0x0000000085d3b1c0) thrown at [./src/hotspot/share/prims/jni.cpp, line 1362]
Event: 95.448 Thread 0x0000002b4b034000 Exception <a 'java/lang/NoSuchMethodError'{0x0000000085d3de30}: <clinit>> (0x0000000085d3de30) thrown at [./src/hotspot/share/prims/jni.cpp, line 1362]
Event: 95.450 Thread 0x0000002b4b034000 Exception <a 'java/lang/NoSuchMethodError'{0x0000000085d56820}: <clinit>> (0x0000000085d56820) thrown at [./src/hotspot/share/prims/jni.cpp, line 1362]
Event: 95.452 Thread 0x0000002b4b034000 Exception <a 'java/lang/NoSuchMethodError'{0x0000000085d6e070}: <clinit>> (0x0000000085d6e070) thrown at [./src/hotspot/share/prims/jni.cpp, line 1362]
Event: 95.455 Thread 0x0000002b4b034000 Exception <a 'java/lang/NoSuchMethodError'{0x0000000085d82d18}: <clinit>> (0x0000000085d82d18) thrown at [./src/hotspot/share/prims/jni.cpp, line 1362]
Event: 95.458 Thread 0x0000002b4b034000 Exception <a 'java/lang/NoSuchMethodError'{0x0000000085da2e60}: <clinit>> (0x0000000085da2e60) thrown at [./src/hotspot/share/prims/jni.cpp, line 1362]
Event: 95.461 Thread 0x0000002b4b034000 Exception <a 'java/lang/NoSuchMethodError'{0x0000000085dc4f18}: <clinit>> (0x0000000085dc4f18) thrown at [./src/hotspot/share/prims/jni.cpp, line 1362]
Event: 95.463 Thread 0x0000002b4b034000 Exception <a 'java/lang/NoSuchMethodError'{0x0000000085dd7fe8}: <clinit>> (0x0000000085dd7fe8) thrown at [./src/hotspot/share/prims/jni.cpp, line 1362]
Event: 95.727 Thread 0x0000002b4b034000 Implicit null exception at 0x0000002b35f2e06c to 0x0000002b35f2e6ac

Events (20 events):
Event: 95.684 Executing VM operation: CGC_Operation done
Event: 95.725 loading class com/android/utils/XmlUtils$PositionAwareStringBuilder
Event: 95.725 loading class com/android/utils/XmlUtils$PositionAwareStringBuilder done
Event: 95.726 Executing VM operation: RevokeBias
Event: 95.727 Executing VM operation: RevokeBias done
Event: 95.797 Executing VM operation: CGC_Operation
Event: 95.797 Executing VM operation: CGC_Operation done
Event: 95.798 Executing VM operation: G1CollectForAllocation
Event: 95.806 Executing VM operation: G1CollectForAllocation done
Event: 95.819 Executing VM operation: G1CollectForAllocation
Event: 95.827 Executing VM operation: G1CollectForAllocation done
Event: 95.867 loading class com/android/builder/internal/aapt/v2/Aapt2RenamingConventions
Event: 95.867 loading class com/android/builder/internal/aapt/v2/Aapt2RenamingConventions done
Event: 95.868 loading class com/android/builder/internal/aapt/v2/Aapt2Exception
Event: 95.868 loading class com/android/builder/internal/aapt/v2/Aapt2Exception done
Event: 95.868 loading class com/android/ide/common/blame/MergingLogPersistUtil
Event: 95.868 loading class com/android/ide/common/blame/MergingLogPersistUtil done
Event: 95.870 loading class com/android/ide/common/blame/MergingLogPersistUtil$SourcePositionsSerializer$JsonTypeAdapter
Event: 95.870 loading class com/android/ide/common/blame/MergingLogPersistUtil$SourcePositionsSerializer$JsonTypeAdapter done
Event: 96.050 Executing VM operation: CGC_Operation


Dynamic libraries:
0x00007ff6dc1b0000 - 0x00007ff6dc1ba000 	C:\Program Files\Android\Android Studio\jre\bin\java.exe
0x00007ff988c60000 - 0x00007ff988e0d000 	C:\WINDOWS\SYSTEM32\ntdll.dll
0x00007ff9872b0000 - 0x00007ff9873ef000 	C:\WINDOWS\system32\KERNEL32.DLL
0x00007ff9861c0000 - 0x00007ff9862d5000 	C:\WINDOWS\system32\KERNELBASE.dll
0x00007ff963ff0000 - 0x00007ff964009000 	C:\Program Files\Android\Android Studio\jre\bin\jli.dll
0x00007ff957d90000 - 0x00007ff957da7000 	C:\Program Files\Android\Android Studio\jre\bin\VCRUNTIME140.dll
0x00007ff97c380000 - 0x00007ff97c384000 	C:\WINDOWS\SYSTEM32\api-ms-win-crt-stdio-l1-1-0.dll
0x00007ff97c360000 - 0x00007ff97c364000 	C:\WINDOWS\SYSTEM32\api-ms-win-crt-runtime-l1-1-0.dll
0x00007ff97c340000 - 0x00007ff97c343000 	C:\WINDOWS\SYSTEM32\api-ms-win-crt-environment-l1-1-0.dll
0x00007ff97c080000 - 0x00007ff97c085000 	C:\WINDOWS\SYSTEM32\api-ms-win-crt-math-l1-1-0.dll
0x00007ff97c070000 - 0x00007ff97c073000 	C:\WINDOWS\SYSTEM32\api-ms-win-crt-locale-l1-1-0.dll
0x00007ff97c370000 - 0x00007ff97c373000 	C:\WINDOWS\SYSTEM32\api-ms-win-crt-heap-l1-1-0.dll
0x00007ff984b60000 - 0x00007ff984ddb000 	C:\WINDOWS\WinSxS\amd64_microsoft.windows.common-controls_6595b64144ccf1df_6.0.9600.19394_none_62486577ecb635cf\COMCTL32.dll
0x00007ff986c60000 - 0x00007ff986dd7000 	C:\WINDOWS\system32\USER32.dll
0x00007ff97c0b0000 - 0x00007ff97c0b3000 	C:\WINDOWS\SYSTEM32\api-ms-win-crt-filesystem-l1-1-0.dll
0x00007ff97c090000 - 0x00007ff97c094000 	C:\WINDOWS\SYSTEM32\api-ms-win-crt-string-l1-1-0.dll
0x00007ff97c350000 - 0x00007ff97c354000 	C:\WINDOWS\SYSTEM32\api-ms-win-crt-convert-l1-1-0.dll
0x00007ff986e80000 - 0x00007ff986f2a000 	C:\WINDOWS\system32\msvcrt.dll
0x00007ff986880000 - 0x00007ff9869ce000 	C:\WINDOWS\system32\GDI32.dll
0x00007ff97bbe0000 - 0x00007ff97bcd4000 	C:\WINDOWS\SYSTEM32\ucrtbase.DLL
0x00007ff9864e0000 - 0x00007ff986516000 	C:\WINDOWS\system32\IMM32.DLL
0x00007ff9873f0000 - 0x00007ff987541000 	C:\WINDOWS\system32\MSCTF.dll
0x00007ff956d60000 - 0x00007ff956dfd000 	C:\Program Files\Android\Android Studio\jre\bin\msvcp140.dll
0x00007ff97b990000 - 0x00007ff97b995000 	C:\WINDOWS\SYSTEM32\api-ms-win-crt-multibyte-l1-1-0.dll
0x00007ff97c0a0000 - 0x00007ff97c0a3000 	C:\WINDOWS\SYSTEM32\api-ms-win-crt-time-l1-1-0.dll
0x00007ff97bce0000 - 0x00007ff97bce3000 	C:\WINDOWS\SYSTEM32\api-ms-win-crt-utility-l1-1-0.dll
0x00007ff958820000 - 0x00007ff9592dc000 	C:\Program Files\Android\Android Studio\jre\bin\server\jvm.dll
0x00007ff987550000 - 0x00007ff9875fa000 	C:\WINDOWS\system32\ADVAPI32.dll
0x00007ff97b980000 - 0x00007ff97b989000 	C:\WINDOWS\SYSTEM32\WSOCK32.dll
0x00007ff982220000 - 0x00007ff982242000 	C:\WINDOWS\SYSTEM32\WINMM.dll
0x00007ff982b10000 - 0x00007ff982b1a000 	C:\WINDOWS\SYSTEM32\VERSION.dll
0x00007ff986e70000 - 0x00007ff986e77000 	C:\WINDOWS\system32\PSAPI.DLL
0x00007ff9876d0000 - 0x00007ff987728000 	C:\WINDOWS\SYSTEM32\sechost.dll
0x00007ff987170000 - 0x00007ff9872aa000 	C:\WINDOWS\system32\RPCRT4.dll
0x00007ff9862e0000 - 0x00007ff98633a000 	C:\WINDOWS\system32\WS2_32.dll
0x00007ff981e40000 - 0x00007ff981e6a000 	C:\WINDOWS\SYSTEM32\WINMMBASE.dll
0x00007ff985f00000 - 0x00007ff985f2e000 	C:\WINDOWS\system32\SspiCli.dll
0x00007ff986c50000 - 0x00007ff986c59000 	C:\WINDOWS\system32\NSI.dll
0x00007ff985e50000 - 0x00007ff985e9f000 	C:\WINDOWS\SYSTEM32\cfgmgr32.dll
0x00007ff984830000 - 0x00007ff984858000 	C:\WINDOWS\SYSTEM32\DEVOBJ.dll
0x00007ff96e200000 - 0x00007ff96e211000 	C:\Program Files\Android\Android Studio\jre\bin\verify.dll
0x00007ff973530000 - 0x00007ff9736b9000 	C:\WINDOWS\SYSTEM32\DBGHELP.DLL
0x00007ff96e1b0000 - 0x00007ff96e1d9000 	C:\Program Files\Android\Android Studio\jre\bin\java.dll
0x00007ff980d30000 - 0x00007ff980d3b000 	C:\Program Files\Android\Android Studio\jre\bin\jimage.dll
0x00007ff96e190000 - 0x00007ff96e1a8000 	C:\Program Files\Android\Android Studio\jre\bin\zip.dll
0x00007ff987730000 - 0x00007ff988c5e000 	C:\WINDOWS\system32\SHELL32.dll
0x00007ff986a30000 - 0x00007ff986c41000 	C:\WINDOWS\SYSTEM32\combase.dll
0x00007ff9869d0000 - 0x00007ff986a24000 	C:\WINDOWS\system32\SHLWAPI.dll
0x00007ff984500000 - 0x00007ff9845b2000 	C:\WINDOWS\SYSTEM32\SHCORE.dll
0x00007ff985d80000 - 0x00007ff985d95000 	C:\WINDOWS\SYSTEM32\profapi.dll
0x00007ff96e170000 - 0x00007ff96e18a000 	C:\Program Files\Android\Android Studio\jre\bin\net.dll
0x00007ff97cbe0000 - 0x00007ff97cca9000 	C:\WINDOWS\SYSTEM32\WINHTTP.dll
0x00007ff9855c0000 - 0x00007ff985619000 	C:\WINDOWS\system32\mswsock.dll
0x00007ff96e150000 - 0x00007ff96e164000 	C:\Program Files\Android\Android Studio\jre\bin\nio.dll
0x00007ff956e30000 - 0x00007ff956e57000 	C:\Users\User_ll\.gradle\native\fdc75f09e3144964f2cf3f50f0aa648679c211496f362492102eb8c894070792\windows-amd64\native-platform.dll
0x00007ff956300000 - 0x00007ff956496000 	C:\Users\User_ll\.gradle\native\12488b8bf47d2d4c9fbf2f6322a914ad602e24e48041cd04a747c6da556b65c4\windows-amd64\native-platform-file-events.dll
0x00007ff976480000 - 0x00007ff97648a000 	C:\Program Files\Android\Android Studio\jre\bin\management.dll
0x00007ff9760e0000 - 0x00007ff9760ec000 	C:\Program Files\Android\Android Studio\jre\bin\management_ext.dll
0x00007ff985620000 - 0x00007ff985640000 	C:\WINDOWS\SYSTEM32\CRYPTSP.dll
0x00007ff985240000 - 0x00007ff985276000 	C:\WINDOWS\system32\rsaenh.dll
0x00007ff985860000 - 0x00007ff985886000 	C:\WINDOWS\SYSTEM32\bcrypt.dll
0x00007ff985350000 - 0x00007ff985371000 	C:\WINDOWS\SYSTEM32\USERENV.dll
0x00007ff985b80000 - 0x00007ff985be3000 	C:\WINDOWS\system32\bcryptprimitives.dll
0x00007ff985bf0000 - 0x00007ff985bfb000 	C:\WINDOWS\SYSTEM32\CRYPTBASE.dll
0x00007ff980cb0000 - 0x00007ff980cda000 	C:\WINDOWS\SYSTEM32\IPHLPAPI.DLL
0x00007ff980c90000 - 0x00007ff980c9a000 	C:\WINDOWS\SYSTEM32\WINNSI.DLL
0x00007ff980410000 - 0x00007ff980426000 	C:\WINDOWS\SYSTEM32\dhcpcsvc6.DLL
0x00007ff980390000 - 0x00007ff9803aa000 	C:\WINDOWS\SYSTEM32\dhcpcsvc.DLL

dbghelp: loaded successfully - version: 4.0.5 - missing functions: none
symbol engine: initialized successfully - sym options: 0x614 - pdb path: .;C:\Program Files\Android\Android Studio\jre\bin;C:\WINDOWS\SYSTEM32;C:\WINDOWS\WinSxS\amd64_microsoft.windows.common-controls_6595b64144ccf1df_6.0.9600.19394_none_62486577ecb635cf;C:\Program Files\Android\Android Studio\jre\bin\server;C:\Users\User_ll\.gradle\native\fdc75f09e3144964f2cf3f50f0aa648679c211496f362492102eb8c894070792\windows-amd64;C:\Users\User_ll\.gradle\native\12488b8bf47d2d4c9fbf2f6322a914ad602e24e48041cd04a747c6da556b65c4\windows-amd64

VM Arguments:
jvm_args: --add-opens=java.base/java.util=ALL-UNNAMED --add-opens=java.base/java.lang=ALL-UNNAMED --add-opens=java.base/java.lang.invoke=ALL-UNNAMED --add-opens=java.prefs/java.util.prefs=ALL-UNNAMED -Xmx2048m -Dfile.encoding=UTF-8 -Duser.country=RU -Duser.language=ru -Duser.variant 
java_command: org.gradle.launcher.daemon.bootstrap.GradleDaemon 6.7.1
java_class_path (initial): C:\Users\User_ll\.gradle\wrapper\dists\gradle-6.7.1-bin\bwlcbys1h7rz3272sye1xwiv6\gradle-6.7.1\lib\gradle-launcher-6.7.1.jar
Launcher Type: SUN_STANDARD

[Global flags]
     intx CICompilerCount                          = 3                                         {product} {ergonomic}
     uint ConcGCThreads                            = 1                                         {product} {ergonomic}
     uint G1ConcRefinementThreads                  = 4                                         {product} {ergonomic}
   size_t G1HeapRegionSize                         = 1048576                                   {product} {ergonomic}
    uintx GCDrainStackTargetSize                   = 64                                        {product} {ergonomic}
   size_t InitialHeapSize                          = 98566144                                  {product} {ergonomic}
   size_t MarkStackSize                            = 4194304                                   {product} {ergonomic}
   size_t MaxHeapSize                              = 2147483648                                {product} {command line}
   size_t MaxNewSize                               = 1287651328                                {product} {ergonomic}
   size_t MinHeapDeltaBytes                        = 1048576                                   {product} {ergonomic}
    uintx NonNMethodCodeHeapSize                   = 5830732                                {pd product} {ergonomic}
    uintx NonProfiledCodeHeapSize                  = 122913754                              {pd product} {ergonomic}
    uintx ProfiledCodeHeapSize                     = 122913754                              {pd product} {ergonomic}
    uintx ReservedCodeCacheSize                    = 251658240                              {pd product} {ergonomic}
     bool SegmentedCodeCache                       = true                                      {product} {ergonomic}
     bool UseCompressedClassPointers               = true                                 {lp64_product} {ergonomic}
     bool UseCompressedOops                        = true                                 {lp64_product} {ergonomic}
     bool UseG1GC                                  = true                                      {product} {ergonomic}
     bool UseLargePagesIndividualAllocation        = false                                  {pd product} {ergonomic}

Logging:
Log output configuration:
 #0: stdout all=warning uptime,level,tags
 #1: stderr all=off uptime,level,tags

Environment Variables:
PATH=C:\Program Files (x86)\NVIDIA Corporation\PhysX\Common;C:\Program Files (x86)\Common Files\Oracle\Java\javapath;C:\Program Files (x86)\Intel\iCLS Client\;C:\Program Files\Intel\iCLS Client\;C:\WINDOWS\system32;C:\WINDOWS;C:\WINDOWS\System32\Wbem;C:\WINDOWS\System32\WindowsPowerShell\v1.0\;C:\Program Files (x86)\EgisTec MyWinLocker\x64;C:\Program Files (x86)\EgisTec MyWinLocker\;C:\Program Files (x86)\Intel\OpenCL SDK\2.0\bin\x86;C:\Program Files (x86)\Intel\OpenCL SDK\2.0\bin\x64;C:\Program Files\Intel\Intel(R) Management Engine Components\DAL;C:\Program Files\Intel\Intel(R) Management Engine Components\IPT;C:\Program Files (x86)\Intel\Intel(R) Management Engine Components\DAL;C:\Program Files (x86)\Intel\Intel(R) Management Engine Components\IPT;C:\Program Files\dotnet\;C:\Program Files\Microsoft SQL Server\Client SDK\ODBC\130\Tools\Binn\;C:\Program Files (x86)\Microsoft SQL Server\140\Tools\Binn\;C:\Program Files\Microsoft SQL Server\140\Tools\Binn\;C:\Program Files\Microsoft SQL Server\140\DTS\Binn\;C:\Program Files (x86)\PostgresPro\12\bin;C:\Program Files\PostgreSQL\12\bin;C:\ProgramData\chocolatey\bin;C:\Program Files\Microsoft SQL Server\130\Tools\Binn\;C:\Program Files (x86)\Devart\EntityDeveloper\Console;C:\php8;C:\ProgramData\ComposerSetup\bin;C:\Users\User_ll\AppData\Local\Programs\Python\Python38\Scripts\;C:\Users\User_ll\AppData\Local\Programs\Python\Python38\;C:\Users\User_ll\AppData\Local\Programs\Python\Python39\Scripts\;C:\Users\User_ll\AppData\Local\Programs\Python\Python39\;C:\Users\User_ll\Documents\   cmd.exe\Utilities;C:\Program Files (x86)\Dr. Memory\bin\
USERNAME=User_I
OS=Windows_NT
PROCESSOR_IDENTIFIER=Intel64 Family 6 Model 58 Stepping 9, GenuineIntel



---------------  S Y S T E M  ---------------

OS: Windows 8.1 , 64 bit Build 9600 (6.3.9600.19994)
OS uptime: 7 days 2:20 hours

CPU:total 4 (initial active 4) (2 cores per cpu, 2 threads per core) family 6 model 58 stepping 9, cmov, cx8, fxsr, mmx, sse, sse2, sse3, ssse3, sse4.1, sse4.2, popcnt, avx, aes, clmul, erms, ht, tsc, tscinvbit, tscinv

Memory: 4k page, system-wide physical 5962M (1607M free)
TotalPageFile size 12910M (AvailPageFile size 6781M)
current process WorkingSet (physical memory assigned to process): 325M, peak: 326M
current process commit charge ("private bytes"): 369M, peak: 371M

vm_info: OpenJDK 64-Bit Server VM (11.0.8+10-b944.6842174) for windows-amd64 JRE (11.0.8+10-b944.6842174), built on Sep 19 2020 01:11:42 by "builder" with MS VC++ 14.0 (VS2015)

END.
